<?xml version="1.0" encoding="UTF-8"?>
<testng-results ignored="0" total="1" passed="1" failed="0" skipped="0">
  <reporter-output>
  </reporter-output>
  <suite started-at="2023-09-05T17:59:52 EEST" name="Default suite" finished-at="2023-09-05T18:00:16 EEST" duration-ms="24095">
    <groups>
    </groups>
    <test started-at="2023-09-05T17:59:52 EEST" name="Default test" finished-at="2023-09-05T18:00:16 EEST" duration-ms="24095">
      <class name="tests.LoginTest">
        <test-method is-config="true" signature="setup()[pri:0, instance:tests.LoginTest@f09733f]" started-at="2023-09-05T17:59:52 EEST" name="setup" finished-at="2023-09-05T18:00:09 EEST" duration-ms="16203" status="PASS">
          <reporter-output>
          </reporter-output>
        </test-method> <!-- setup -->
        <test-method signature="login()[pri:0, instance:tests.LoginTest@f09733f]" started-at="2023-09-05T18:00:09 EEST" name="login" finished-at="2023-09-05T18:00:12 EEST" duration-ms="3415" status="PASS">
          <reporter-output>
          </reporter-output>
        </test-method> <!-- login -->
        <test-method is-config="true" signature="teardown()[pri:0, instance:tests.LoginTest@f09733f]" started-at="2023-09-05T18:00:12 EEST" name="teardown" finished-at="2023-09-05T18:00:16 EEST" duration-ms="4379" status="PASS">
          <reporter-output>
          </reporter-output>
        </test-method> <!-- teardown -->
      </class> <!-- tests.LoginTest -->
    </test> <!-- Default test -->
  </suite> <!-- Default suite -->
</testng-results>
